<?xml version="1.0" encoding="UTF-8"?>
<!-- Generated by org.testng.reporters.JUnitReportReporter -->
<testsuite hostname="DESKTOP-8UPFOSL" failures="0" tests="2" name="rahulsheddyacademy.sausedemo.Extendsreports" time="8.179" errors="0" timestamp="2024-04-21T15:46:54 IST" skipped="0">
  <testcase classname="rahulsheddyacademy.sausedemo.Extendsreports" name="invokebrowser" time="8.159"/>
  <system-out/>
  <testcase classname="rahulsheddyacademy.sausedemo.Extendsreports" name="testcase2" time="0.020"/>
  <system-out/>
</testsuite> <!-- rahulsheddyacademy.sausedemo.Extendsreports -->
