<?xml version="1.0" encoding="UTF-8"?>
<!-- Generated by org.testng.reporters.JUnitReportReporter -->
<testsuite hostname="DESKTOP-8UPFOSL" failures="0" tests="1" name="rahulsheddyacademy.sausedemo.Extendsreports" time="4.107" errors="0" timestamp="2024-04-13T21:44:13 IST" skipped="0">
  <testcase classname="rahulsheddyacademy.sausedemo.Extendsreports" name="invokebrowser" time="4.107"/>
  <system-out/>
</testsuite> <!-- rahulsheddyacademy.sausedemo.Extendsreports -->
