<?xml version="1.0" encoding="UTF-8"?>
<!-- Generated by org.testng.reporters.JUnitReportReporter -->
<testsuite hostname="DESKTOP-8UPFOSL" failures="0" tests="2" name="rahulsheddyacademy.sausedemo.Extendreports" time="0.015" errors="0" timestamp="2024-04-13T19:36:55 IST" skipped="0">
  <testcase classname="rahulsheddyacademy.sausedemo.Extendreports" name="tescase1" time="0.012"/>
  <system-out/>
  <testcase classname="rahulsheddyacademy.sausedemo.Extendreports" name="testcase2" time="0.003"/>
  <system-out/>
</testsuite> <!-- rahulsheddyacademy.sausedemo.Extendreports -->
