<?xml version="1.0" encoding="UTF-8"?>
<!-- Generated by org.testng.reporters.JUnitReportReporter -->
<testsuite hostname="DESKTOP-8UPFOSL" failures="0" tests="2" name="rahulsheddyacademy.sausedemo.Extendsreports" time="11.495" errors="0" timestamp="2024-05-12T12:06:32 IST" skipped="0">
  <testcase classname="rahulsheddyacademy.sausedemo.Extendsreports" name="invokebrowser" time="11.457"/>
  <system-out/>
  <testcase classname="rahulsheddyacademy.sausedemo.Extendsreports" name="testcase2" time="0.038"/>
  <system-out/>
</testsuite> <!-- rahulsheddyacademy.sausedemo.Extendsreports -->
